c:\users\james bridgman\documents\github\comp3015-coursework_2\x64\release\vc142.pdb
c:\users\james bridgman\documents\github\comp3015-coursework_2\x64\release\glad.obj
c:\users\james bridgman\documents\github\comp3015-coursework_2\x64\release\scene_project.obj
c:\users\james bridgman\documents\github\comp3015-coursework_2\x64\release\scenebasic_uniform.obj
c:\users\james bridgman\documents\github\comp3015-coursework_2\x64\release\main.obj
c:\users\james bridgman\documents\github\comp3015-coursework_2\x64\release\imgui_widgets.obj
c:\users\james bridgman\documents\github\comp3015-coursework_2\x64\release\imgui_tables.obj
c:\users\james bridgman\documents\github\comp3015-coursework_2\x64\release\imgui_impl_opengl3.obj
c:\users\james bridgman\documents\github\comp3015-coursework_2\x64\release\imgui_impl_glfw.obj
c:\users\james bridgman\documents\github\comp3015-coursework_2\x64\release\imgui_draw.obj
c:\users\james bridgman\documents\github\comp3015-coursework_2\x64\release\imgui.obj
c:\users\james bridgman\documents\github\comp3015-coursework_2\x64\release\trianglemesh.obj
c:\users\james bridgman\documents\github\comp3015-coursework_2\x64\release\texture.obj
c:\users\james bridgman\documents\github\comp3015-coursework_2\x64\release\stb_image.obj
c:\users\james bridgman\documents\github\comp3015-coursework_2\x64\release\plane.obj
c:\users\james bridgman\documents\github\comp3015-coursework_2\x64\release\objmesh.obj
c:\users\james bridgman\documents\github\comp3015-coursework_2\x64\release\grid.obj
c:\users\james bridgman\documents\github\comp3015-coursework_2\x64\release\glutils.obj
c:\users\james bridgman\documents\github\comp3015-coursework_2\x64\release\glslprogram.obj
c:\users\james bridgman\documents\github\comp3015-coursework_2\x64\release\developertool.ipdb
c:\users\james bridgman\documents\github\comp3015-coursework_2\x64\release\developertool.iobj
c:\users\james bridgman\documents\github\comp3015-coursework_2\x64\release\developertool.exe
c:\users\james bridgman\documents\github\comp3015-coursework_2\x64\release\developertool.pdb
c:\users\james bridgman\documents\github\comp3015-coursework_2\x64\release\developertool.tlog\cl.command.1.tlog
c:\users\james bridgman\documents\github\comp3015-coursework_2\x64\release\developertool.tlog\cl.read.1.tlog
c:\users\james bridgman\documents\github\comp3015-coursework_2\x64\release\developertool.tlog\cl.write.1.tlog
c:\users\james bridgman\documents\github\comp3015-coursework_2\x64\release\developertool.tlog\developertool.write.1u.tlog
c:\users\james bridgman\documents\github\comp3015-coursework_2\x64\release\developertool.tlog\link.command.1.tlog
c:\users\james bridgman\documents\github\comp3015-coursework_2\x64\release\developertool.tlog\link.read.1.tlog
c:\users\james bridgman\documents\github\comp3015-coursework_2\x64\release\developertool.tlog\link.write.1.tlog
