c:\users\james bridgman\documents\github\comp3015-coursework_2\coursework2\x64\debug\vc142.pdb
c:\users\james bridgman\documents\github\comp3015-coursework_2\coursework2\x64\debug\vc142.idb
c:\users\james bridgman\documents\github\comp3015-coursework_2\coursework2\x64\debug\glad.obj
c:\users\james bridgman\documents\github\comp3015-coursework_2\coursework2\x64\debug\scene_project.obj
c:\users\james bridgman\documents\github\comp3015-coursework_2\coursework2\x64\debug\scenebasic_uniform.obj
c:\users\james bridgman\documents\github\comp3015-coursework_2\coursework2\x64\debug\main.obj
c:\users\james bridgman\documents\github\comp3015-coursework_2\coursework2\x64\debug\imgui_widgets.obj
c:\users\james bridgman\documents\github\comp3015-coursework_2\coursework2\x64\debug\imgui_tables.obj
c:\users\james bridgman\documents\github\comp3015-coursework_2\coursework2\x64\debug\imgui_impl_opengl3.obj
c:\users\james bridgman\documents\github\comp3015-coursework_2\coursework2\x64\debug\imgui_impl_glfw.obj
c:\users\james bridgman\documents\github\comp3015-coursework_2\coursework2\x64\debug\imgui_draw.obj
c:\users\james bridgman\documents\github\comp3015-coursework_2\coursework2\x64\debug\imgui.obj
c:\users\james bridgman\documents\github\comp3015-coursework_2\coursework2\x64\debug\trianglemesh.obj
c:\users\james bridgman\documents\github\comp3015-coursework_2\coursework2\x64\debug\texture.obj
c:\users\james bridgman\documents\github\comp3015-coursework_2\coursework2\x64\debug\stb_image.obj
c:\users\james bridgman\documents\github\comp3015-coursework_2\coursework2\x64\debug\plane.obj
c:\users\james bridgman\documents\github\comp3015-coursework_2\coursework2\x64\debug\objmesh.obj
c:\users\james bridgman\documents\github\comp3015-coursework_2\coursework2\x64\debug\grid.obj
c:\users\james bridgman\documents\github\comp3015-coursework_2\coursework2\x64\debug\glutils.obj
c:\users\james bridgman\documents\github\comp3015-coursework_2\coursework2\x64\debug\glslprogram.obj
c:\users\james bridgman\documents\github\comp3015-coursework_2\coursework2\x64\debug\developertool.exe
c:\users\james bridgman\documents\github\comp3015-coursework_2\coursework2\x64\debug\developertool.ilk
c:\users\james bridgman\documents\github\comp3015-coursework_2\coursework2\x64\debug\developertool.pdb
c:\users\james bridgman\documents\github\comp3015-coursework_2\coursework2\x64\debug\developertool.tlog\cl.command.1.tlog
c:\users\james bridgman\documents\github\comp3015-coursework_2\coursework2\x64\debug\developertool.tlog\cl.read.1.tlog
c:\users\james bridgman\documents\github\comp3015-coursework_2\coursework2\x64\debug\developertool.tlog\cl.write.1.tlog
c:\users\james bridgman\documents\github\comp3015-coursework_2\coursework2\x64\debug\developertool.tlog\link.command.1.tlog
c:\users\james bridgman\documents\github\comp3015-coursework_2\coursework2\x64\debug\developertool.tlog\link.read.1.tlog
c:\users\james bridgman\documents\github\comp3015-coursework_2\coursework2\x64\debug\developertool.tlog\link.write.1.tlog
