c:\users\james bridgman\documents\github\comp3015-coursework_2\coursework2\x64\debug\vc142.pdb
c:\users\james bridgman\documents\github\comp3015-coursework_2\coursework2\x64\debug\vc142.idb
c:\users\james bridgman\documents\github\comp3015-coursework_2\coursework2\x64\debug\glad.obj
c:\users\james bridgman\documents\github\comp3015-coursework_2\coursework2\x64\debug\scenebasic_uniform.obj
c:\users\james bridgman\documents\github\comp3015-coursework_2\coursework2\x64\debug\main.obj
c:\users\james bridgman\documents\github\comp3015-coursework_2\coursework2\x64\debug\glutils.obj
c:\users\james bridgman\documents\github\comp3015-coursework_2\coursework2\x64\debug\glslprogram.obj
c:\users\james bridgman\documents\github\comp3015-coursework_2\coursework2\x64\debug\scene_project.obj
c:\users\james bridgman\documents\github\comp3015-coursework_2\coursework2\x64\debug\developertool.ilk
c:\users\james bridgman\documents\github\comp3015-coursework_2\coursework2\x64\debug\developertool.exe
c:\users\james bridgman\documents\github\comp3015-coursework_2\coursework2\x64\debug\developertool.pdb
c:\users\james bridgman\documents\github\comp3015-coursework_2\coursework2\x64\debug\project_template.ilk
c:\users\james bridgman\documents\github\comp3015-coursework_2\coursework2\x64\debug\project_template.pdb
c:\users\james bridgman\documents\github\comp3015-coursework_2\coursework2\x64\debug\developertool.tlog\cl.command.1.tlog
c:\users\james bridgman\documents\github\comp3015-coursework_2\coursework2\x64\debug\developertool.tlog\cl.read.1.tlog
c:\users\james bridgman\documents\github\comp3015-coursework_2\coursework2\x64\debug\developertool.tlog\cl.write.1.tlog
c:\users\james bridgman\documents\github\comp3015-coursework_2\coursework2\x64\debug\developertool.tlog\link-cvtres.read.1.tlog
c:\users\james bridgman\documents\github\comp3015-coursework_2\coursework2\x64\debug\developertool.tlog\link-cvtres.write.1.tlog
c:\users\james bridgman\documents\github\comp3015-coursework_2\coursework2\x64\debug\developertool.tlog\link-rc.read.1.tlog
c:\users\james bridgman\documents\github\comp3015-coursework_2\coursework2\x64\debug\developertool.tlog\link-rc.write.1.tlog
c:\users\james bridgman\documents\github\comp3015-coursework_2\coursework2\x64\debug\developertool.tlog\link.612-cvtres.read.1.tlog
c:\users\james bridgman\documents\github\comp3015-coursework_2\coursework2\x64\debug\developertool.tlog\link.612-cvtres.write.1.tlog
c:\users\james bridgman\documents\github\comp3015-coursework_2\coursework2\x64\debug\developertool.tlog\link.612-rc.read.1.tlog
c:\users\james bridgman\documents\github\comp3015-coursework_2\coursework2\x64\debug\developertool.tlog\link.612-rc.write.1.tlog
c:\users\james bridgman\documents\github\comp3015-coursework_2\coursework2\x64\debug\developertool.tlog\link.612.read.1.tlog
c:\users\james bridgman\documents\github\comp3015-coursework_2\coursework2\x64\debug\developertool.tlog\link.612.write.1.tlog
c:\users\james bridgman\documents\github\comp3015-coursework_2\coursework2\x64\debug\developertool.tlog\link.command.1.tlog
c:\users\james bridgman\documents\github\comp3015-coursework_2\coursework2\x64\debug\developertool.tlog\link.read.1.tlog
c:\users\james bridgman\documents\github\comp3015-coursework_2\coursework2\x64\debug\developertool.tlog\link.write.1.tlog
